2024-05-02 11:55:20,547 - root - ERROR - Error al leer el archivo: [Errno 2] No such file or directory: 'paraules.txt'
2024-05-02 11:55:20,547 - root - INFO - Programa finalizado, tiempo de ejecución: 2024-05-02 11:55:20.547478
2024-05-02 11:56:25,071 - root - ERROR - Error al leer el archivo: [Errno 2] No such file or directory: 'paraules.txt'
2024-05-02 11:56:25,071 - root - INFO - Programa finalizado, tiempo de ejecución: 2024-05-02 11:56:25.071763
2024-05-02 12:00:09 - Error: [Errno 2] No such file or directory: 'paraules.txt'
2024-05-02 12:00:12 - Error: [Errno 2] No such file or directory: 'paraules.txt'
2024-05-02 12:00:12 - Error: [Errno 2] No such file or directory: 'paraules.txt'
2024-05-02 12:00:12 - Error: [Errno 2] No such file or directory: 'paraules.txt'
2024-05-02 12:00:12 - Error: [Errno 2] No such file or directory: 'paraules.txt'
2024-05-02 12:05:18 - Error: [Errno 2] No such file or directory: 'paraules.txt'
2024-05-02 12:05:20 - Error: [Errno 2] No such file or directory: 'paraules.txt'
2024-05-02 12:05:20 - Error: [Errno 2] No such file or directory: 'paraules.txt'
2024-05-02 12:05:20 - Error: [Errno 2] No such file or directory: 'paraules.txt'
2024-05-02 12:05:20 - Error: [Errno 2] No such file or directory: 'paraules.txt'
2024-05-02 12:05:20 - Error: [Errno 2] No such file or directory: 'paraules.txt'
2024-05-02 12:05:21 - Error: [Errno 2] No such file or directory: 'paraules.txt'
2024-05-02 12:05:21 - Error: [Errno 2] No such file or directory: 'paraules.txt'
2024-05-02 12:05:22 - Error: [Errno 2] No such file or directory: 'paraules.txt'
2024-05-02 12:05:22 - Error: [Errno 2] No such file or directory: 'paraules.txt'
2024-05-02 12:05:22 - Error: [Errno 2] No such file or directory: 'paraules.txt'
2024-05-02 12:05:22 - Error: [Errno 2] No such file or directory: 'paraules.txt'
2024-05-02 12:05:23 - Error: [Errno 2] No such file or directory: 'paraules.txt'
2024-05-02 12:05:23 - Error: [Errno 2] No such file or directory: 'paraules.txt'
2024-05-02 12:05:23 - Error: [Errno 2] No such file or directory: 'paraules.txt'
2024-05-02 12:05:23 - Error: [Errno 2] No such file or directory: 'paraules.txt'
2024-05-02 12:05:23 - Error: [Errno 2] No such file or directory: 'paraules.txt'
2024-05-02 12:05:32 - Error: [Errno 2] No such file or directory: 'paraules.txt'
2024-05-02 12:06:51 - Error: [Errno 2] No such file or directory: 'paraules.txt'
2024-05-02 12:11:16 - Programa iniciado
2024-05-02 12:11:16 - Error: [Errno 2] No such file or directory: 'paraules.txt'
2024-05-02 12:11:19 - Programa iniciado
2024-05-02 12:11:19 - Error: [Errno 2] No such file or directory: 'paraules.txt'
2024-05-02 12:11:26 - Programa iniciado
2024-05-02 12:11:26 - Error: [Errno 2] No such file or directory: 'paraules.txt'
2024-05-02 12:11:37 - Programa iniciado
2024-05-02 12:11:37 - Error: [Errno 2] No such file or directory: 'paraules.txt'
2024-05-02 12:13:50 - Programa iniciado
2024-05-02 12:13:50 - Error: [Errno 2] No such file or directory: 'paraules.txt'
2024-05-02 12:17:50 - Programa iniciado
2024-05-02 12:17:50 - Error: [Errno 2] No such file or directory: 'paraules.txt'
2024-05-02 12:18:01 - Programa iniciado
2024-05-02 12:18:01 - Error: [Errno 2] No such file or directory: 'paraules.txt'
2024-05-02 12:18:29 - Programa iniciado
2024-05-02 12:18:29 - Error: [Errno 2] No such file or directory: 'paraules.txt'
2024-05-02 12:18:46 - Programa iniciado
2024-05-02 12:18:46 - Error: [Errno 2] No such file or directory: 'paraules.txt'
El programa se ha iniciado a las 2024-05-02 12:20:46.
Error durante la ejecución del programa: [Errno 2] No such file or directory: 'paraules.txt'
El programa ha finalizado a las 2024-05-02 12:20:46.
El programa se ha iniciado a las 2024-05-02 12:20:54.
Error durante la ejecución del programa: [Errno 2] No such file or directory: 'paraules.txt'
El programa ha finalizado a las 2024-05-02 12:20:54.
El programa se ha iniciado a las 2024-05-02 12:25:17.
Error durante la ejecución del programa: [Errno 2] No such file or directory: 'paraules.txt'
El programa ha finalizado a las 2024-05-02 12:25:17.
El programa se ha iniciado a las 2024-05-02 12:25:23.
Error durante la ejecución del programa: [Errno 2] No such file or directory: 'paraules.txt'
El programa ha finalizado a las 2024-05-02 12:25:23.
El programa se ha iniciado a las 2024-05-02 12:27:17.
El programa ha finalizado a las 2024-05-02 12:27:17.
El programa se ha iniciado a las 2024-05-02 12:29:19.
Error durante la ejecución del programa: TextIOWrapper.write() takes exactly one argument (0 given)
El programa ha finalizado a las 2024-05-02 12:29:19.
El programa se ha iniciado a las 2024-05-02 12:29:34.
Error durante la ejecución del programa: TextIOWrapper.write() takes exactly one argument (0 given)
El programa ha finalizado a las 2024-05-02 12:29:34.
El programa se ha iniciado a las 2024-05-02 12:29:35.
Error durante la ejecución del programa: TextIOWrapper.write() takes exactly one argument (0 given)
El programa ha finalizado a las 2024-05-02 12:29:35.
El programa se ha iniciado a las 2024-05-02 12:29:45.
Error durante la ejecución del programa: write() argument must be str, not tuple
El programa ha finalizado a las 2024-05-02 12:29:45.
El programa se ha iniciado a las 2024-05-02 12:30:20.
Error durante la ejecución del programa: 'str' object is not callable
El programa ha finalizado a las 2024-05-02 12:30:20.
El programa se ha iniciado a las 2024-05-02 12:30:25.
Error durante la ejecución del programa: 'str' object is not callable
El programa ha finalizado a las 2024-05-02 12:30:25.
El programa se ha iniciado a las 2024-05-02 12:30:25.
Error durante la ejecución del programa: 'str' object is not callable
El programa ha finalizado a las 2024-05-02 12:30:25.
El programa se ha iniciado a las 2024-05-02 12:30:31.
Error durante la ejecución del programa: 'str' object is not callable
El programa ha finalizado a las 2024-05-02 12:30:31.
El programa se ha iniciado a las 2024-05-02 12:30:45.
El programa ha finalizado a las 2024-05-02 12:30:45.
El programa se ha iniciado a las 2024-05-02 12:32:11.
El programa ha finalizado a las 2024-05-02 12:32:11.
El programa se ha iniciado a las 2024-05-02 12:32:39.
El programa ha finalizado a las 2024-05-02 12:32:39.
El programa se ha iniciado a las 2024-05-02 12:33:07.
El programa ha finalizado a las 2024-05-02 12:33:07.
El programa se ha iniciado a las 2024-05-02 12:34:36.
El programa ha finalizado a las 2024-05-02 12:34:36.
El programa se ha iniciado a las 2024-05-02 12:35:15.
El programa ha finalizado a las 2024-05-02 12:35:15.
El programa se ha iniciado a las 2024-05-02 12:37:01.
El programa ha finalizado a las 2024-05-02 12:37:01.
El programa se ha iniciado a las 2024-05-02 12:37:08.
El programa ha finalizado a las 2024-05-02 12:37:08.
El programa se ha iniciado a las 2024-05-02 12:37:39.
El programa ha finalizado a las 2024-05-02 12:37:39.
El programa se ha iniciado a las 2024-05-02 12:38:28.
El programa ha finalizado a las 2024-05-02 12:38:28.
El programa se ha iniciado a las 2024-05-02 12:39:56.
El programa ha finalizado a las 2024-05-02 12:39:56.
El programa se ha iniciado a las 2024-05-02 12:44:09.
Error procesando el archivo <_io.TextIOWrapper name='./entrada/paraules.txt' mode='r' encoding='UTF-8'>: [Errno 2] No such file or directory: './sortida/paraules_boges.txt'
Error procesando el archivo <_io.TextIOWrapper name='./entrada/diccionari.txt' mode='r' encoding='UTF-8'>: [Errno 2] No such file or directory: './sortida/diccionari_boges.txt'
Error procesando el archivo <_io.TextIOWrapper name='./entrada/17 LEYES DEL TRABAJO EN EQUIPO.txt' mode='r' encoding='UTF-8'>: [Errno 2] No such file or directory: './sortida/17 LEYES DEL TRABAJO EN EQUIPO_boges.txt'
Error procesando el archivo <_io.TextIOWrapper name='./entrada/Abe Shana - La última sirena.txt' mode='r' encoding='UTF-8'>: [Errno 2] No such file or directory: './sortida/Abe Shana - La última sirena_boges.txt'
Error procesando el archivo <_io.TextIOWrapper name='./entrada/El Oro Y La Ceniza - Abecassis Eliette .txt' mode='r' encoding='UTF-8'>: [Errno 2] No such file or directory: './sortida/El Oro Y La Ceniza - Abecassis Eliette _boges.txt'
Error procesando el archivo <_io.TextIOWrapper name='./entrada/x.txt' mode='r' encoding='UTF-8'>: 'utf-8' codec can't decode byte 0xa4 in position 12: invalid start byte
Error procesando el archivo <_io.TextIOWrapper name='./entrada/VIVE TU SUEÑO - JOHN MAXWELL.txt' mode='r' encoding='UTF-8'>: [Errno 2] No such file or directory: './sortida/VIVE TU SUEÑO - JOHN MAXWELL_boges.txt'
Error procesando el archivo <_io.TextIOWrapper name='./entrada/25 MANERAS DE GANARSE A LA GENTE - .txt' mode='r' encoding='UTF-8'>: [Errno 2] No such file or directory: './sortida/25 MANERAS DE GANARSE A LA GENTE - _boges.txt'
Error procesando el archivo <_io.TextIOWrapper name='./entrada/ACTITUD DE VENCEDOR - JOHN C. MAXWELL.txt' mode='r' encoding='UTF-8'>: [Errno 2] No such file or directory: './sortida/ACTITUD DE VENCEDOR - JOHN C. MAXWELL_boges.txt'
Error procesando el archivo <_io.TextIOWrapper name='./entrada/SEAMOS PERSONAS DE INFLUENCIA - JOHN MAXWELL.txt' mode='r' encoding='UTF-8'>: [Errno 2] No such file or directory: './sortida/SEAMOS PERSONAS DE INFLUENCIA - JOHN MAXWELL_boges.txt'
El programa ha finalizado a las 2024-05-02 12:44:09.
El programa se ha iniciado a las 2024-05-02 12:46:01.
El archivo <_io.TextIOWrapper name='./entrada/paraules.txt' mode='r' encoding='UTF-8'> ha sido procesado correctamente.
El archivo <_io.TextIOWrapper name='./entrada/diccionari.txt' mode='r' encoding='UTF-8'> ha sido procesado correctamente.
El archivo <_io.TextIOWrapper name='./entrada/17 LEYES DEL TRABAJO EN EQUIPO.txt' mode='r' encoding='UTF-8'> ha sido procesado correctamente.
El archivo <_io.TextIOWrapper name='./entrada/Abe Shana - La última sirena.txt' mode='r' encoding='UTF-8'> ha sido procesado correctamente.
El archivo <_io.TextIOWrapper name='./entrada/El Oro Y La Ceniza - Abecassis Eliette .txt' mode='r' encoding='UTF-8'> ha sido procesado correctamente.
Error procesando el archivo <_io.TextIOWrapper name='./entrada/x.txt' mode='r' encoding='UTF-8'>: 'utf-8' codec can't decode byte 0xa4 in position 12: invalid start byte
El archivo <_io.TextIOWrapper name='./entrada/VIVE TU SUEÑO - JOHN MAXWELL.txt' mode='r' encoding='UTF-8'> ha sido procesado correctamente.
El archivo <_io.TextIOWrapper name='./entrada/25 MANERAS DE GANARSE A LA GENTE - .txt' mode='r' encoding='UTF-8'> ha sido procesado correctamente.
El archivo <_io.TextIOWrapper name='./entrada/ACTITUD DE VENCEDOR - JOHN C. MAXWELL.txt' mode='r' encoding='UTF-8'> ha sido procesado correctamente.
El archivo <_io.TextIOWrapper name='./entrada/SEAMOS PERSONAS DE INFLUENCIA - JOHN MAXWELL.txt' mode='r' encoding='UTF-8'> ha sido procesado correctamente.
El programa ha finalizado a las 2024-05-02 12:46:01.
El programa se ha iniciado a las 2024-05-02 12:50:06.
El archivo <_io.TextIOWrapper name='./entrada/paraules.txt' mode='r' encoding='UTF-8'> ha sido procesado correctamente.
El archivo <_io.TextIOWrapper name='./entrada/diccionari.txt' mode='r' encoding='UTF-8'> ha sido procesado correctamente.
El archivo <_io.TextIOWrapper name='./entrada/17 LEYES DEL TRABAJO EN EQUIPO.txt' mode='r' encoding='UTF-8'> ha sido procesado correctamente.
El archivo <_io.TextIOWrapper name='./entrada/Abe Shana - La última sirena.txt' mode='r' encoding='UTF-8'> ha sido procesado correctamente.
El archivo <_io.TextIOWrapper name='./entrada/El Oro Y La Ceniza - Abecassis Eliette .txt' mode='r' encoding='UTF-8'> ha sido procesado correctamente.
Error procesando el archivo <_io.TextIOWrapper name='./entrada/x.txt' mode='r' encoding='UTF-8'>: 'utf-8' codec can't decode byte 0xa4 in position 12: invalid start byte
El archivo <_io.TextIOWrapper name='./entrada/VIVE TU SUEÑO - JOHN MAXWELL.txt' mode='r' encoding='UTF-8'> ha sido procesado correctamente.
El archivo <_io.TextIOWrapper name='./entrada/25 MANERAS DE GANARSE A LA GENTE - .txt' mode='r' encoding='UTF-8'> ha sido procesado correctamente.
El archivo <_io.TextIOWrapper name='./entrada/ACTITUD DE VENCEDOR - JOHN C. MAXWELL.txt' mode='r' encoding='UTF-8'> ha sido procesado correctamente.
El archivo <_io.TextIOWrapper name='./entrada/SEAMOS PERSONAS DE INFLUENCIA - JOHN MAXWELL.txt' mode='r' encoding='UTF-8'> ha sido procesado correctamente.
El programa ha finalizado a las 2024-05-02 12:50:07.
El programa se ha iniciado a las 2024-05-02 13:02:51.
El archivo <_io.TextIOWrapper name='./entrada/paraules.txt' mode='r' encoding='UTF-8'> ha sido procesado correctamente.
El archivo <_io.TextIOWrapper name='./entrada/diccionari.txt' mode='r' encoding='UTF-8'> ha sido procesado correctamente.
El archivo <_io.TextIOWrapper name='./entrada/17 LEYES DEL TRABAJO EN EQUIPO.txt' mode='r' encoding='UTF-8'> ha sido procesado correctamente.
El archivo <_io.TextIOWrapper name='./entrada/Abe Shana - La última sirena.txt' mode='r' encoding='UTF-8'> ha sido procesado correctamente.
El archivo <_io.TextIOWrapper name='./entrada/El Oro Y La Ceniza - Abecassis Eliette .txt' mode='r' encoding='UTF-8'> ha sido procesado correctamente.
Error procesando el archivo <_io.TextIOWrapper name='./entrada/x.txt' mode='r' encoding='UTF-8'>: 'utf-8' codec can't decode byte 0xa4 in position 12: invalid start byte
El archivo <_io.TextIOWrapper name='./entrada/VIVE TU SUEÑO - JOHN MAXWELL.txt' mode='r' encoding='UTF-8'> ha sido procesado correctamente.
El archivo <_io.TextIOWrapper name='./entrada/25 MANERAS DE GANARSE A LA GENTE - .txt' mode='r' encoding='UTF-8'> ha sido procesado correctamente.
El archivo <_io.TextIOWrapper name='./entrada/ACTITUD DE VENCEDOR - JOHN C. MAXWELL.txt' mode='r' encoding='UTF-8'> ha sido procesado correctamente.
El archivo <_io.TextIOWrapper name='./entrada/SEAMOS PERSONAS DE INFLUENCIA - JOHN MAXWELL.txt' mode='r' encoding='UTF-8'> ha sido procesado correctamente.
El programa ha finalizado a las 2024-05-02 13:02:51.
